HifadhiMobile/app/build/outputs/logs/manifest-merger-debug-report.txt
-- Merging decision tree log ---
manifest
ADDED from src/main/AndroidManifest.xml:2:1-94:12
	package
		ADDED from src/main/AndroidManifest.xml:3:5-35
		INJECTED from src/main/AndroidManifest.xml
		INJECTED from src/main/AndroidManifest.xml
	android:versionName
		ADDED from src/main/AndroidManifest.xml:5:5-30
	android:versionCode
		ADDED from src/main/AndroidManifest.xml:4:5-28
		INJECTED from src/main/AndroidManifest.xml
		INJECTED from src/main/AndroidManifest.xml
	xmlns:android
		ADDED from src/main/AndroidManifest.xml:2:11-69
uses-sdk
ADDED from src/main/AndroidManifest.xml:7:5-9:41
MERGED from [com.android.support:appcompat-v7:19.1.0] AndroidManifest.xml:18:5-42
	android:targetSdkVersion
		ADDED from src/main/AndroidManifest.xml:9:9-38
		INJECTED from src/main/AndroidManifest.xml
		INJECTED from src/main/AndroidManifest.xml
	android:minSdkVersion
		ADDED from src/main/AndroidManifest.xml:8:9-34
		INJECTED from src/main/AndroidManifest.xml
		INJECTED from src/main/AndroidManifest.xml
uses-permission#android.permission.VIBRATE
ADDED from src/main/AndroidManifest.xml:11:6-67
	android:name
		ADDED from src/main/AndroidManifest.xml:11:23-64
uses-permission#android.permission.INTERNET
ADDED from src/main/AndroidManifest.xml:12:5-67
	android:name
		ADDED from src/main/AndroidManifest.xml:12:22-64
uses-permission#android.permission.READ_PHONE_STATE
ADDED from src/main/AndroidManifest.xml:13:5-75
	android:name
		ADDED from src/main/AndroidManifest.xml:13:22-72
uses-permission#android.permission.ACCESS_NETWORK_STATE
ADDED from src/main/AndroidManifest.xml:14:5-79
	android:name
		ADDED from src/main/AndroidManifest.xml:14:22-76
uses-permission#android.permission.WRITE_EXTERNAL_STORAGE
ADDED from src/main/AndroidManifest.xml:15:5-81
	android:name
		ADDED from src/main/AndroidManifest.xml:15:22-78
uses-permission#android.permission.ACCESS_FINE_LOCATION
ADDED from src/main/AndroidManifest.xml:16:5-79
	android:name
		ADDED from src/main/AndroidManifest.xml:16:22-76
uses-permission#android.permission.ACCESS_COARSE_LOCATION
ADDED from src/main/AndroidManifest.xml:17:5-81
	android:name
		ADDED from src/main/AndroidManifest.xml:17:22-78
uses-permission#android.permission.ACCESS_MOCK_LOCATION
ADDED from src/main/AndroidManifest.xml:18:5-79
	android:name
		ADDED from src/main/AndroidManifest.xml:18:22-76
uses-permission#android.permission.CALL_PHONE
ADDED from src/main/AndroidManifest.xml:19:5-20:23
	android:name
		ADDED from src/main/AndroidManifest.xml:19:22-66
application
ADDED from src/main/AndroidManifest.xml:23:5-92:19
MERGED from [com.android.support:appcompat-v7:19.1.0] AndroidManifest.xml:19:5-20
	android:label
		ADDED from src/main/AndroidManifest.xml:26:9-41
	android:allowBackup
		ADDED from src/main/AndroidManifest.xml:24:9-35
	android:icon
		ADDED from src/main/AndroidManifest.xml:25:9-45
activity#com.example.hifadhi.SplashScreenActivity
ADDED from src/main/AndroidManifest.xml:27:9-35:20
	android:label
		ADDED from src/main/AndroidManifest.xml:29:13-45
	android:name
		ADDED from src/main/AndroidManifest.xml:28:13-68
intent-filter#android.intent.action.MAIN+android.intent.category.LAUNCHER
ADDED from src/main/AndroidManifest.xml:30:13-34:29
action#android.intent.action.MAIN
ADDED from src/main/AndroidManifest.xml:31:17-69
	android:name
		ADDED from src/main/AndroidManifest.xml:31:25-66
category#android.intent.category.LAUNCHER
ADDED from src/main/AndroidManifest.xml:33:17-77
	android:name
		ADDED from src/main/AndroidManifest.xml:33:27-74
activity#com.example.hifadhi.HifadhiActivity
ADDED from src/main/AndroidManifest.xml:37:9-41:20
	android:launchMode
		ADDED from src/main/AndroidManifest.xml:39:13-43
	android:configChanges
		ADDED from src/main/AndroidManifest.xml:38:13-72
	android:name
		ADDED from src/main/AndroidManifest.xml:40:13-63
activity#com.example.hifadhi.ListActivity
ADDED from src/main/AndroidManifest.xml:43:9-47:20
	android:launchMode
		ADDED from src/main/AndroidManifest.xml:45:13-43
	android:configChanges
		ADDED from src/main/AndroidManifest.xml:44:13-72
	android:name
		ADDED from src/main/AndroidManifest.xml:46:13-60
activity#com.example.hifadhi.ItemListActivity
ADDED from src/main/AndroidManifest.xml:49:9-53:20
	android:launchMode
		ADDED from src/main/AndroidManifest.xml:51:13-43
	android:configChanges
		ADDED from src/main/AndroidManifest.xml:50:13-72
	android:name
		ADDED from src/main/AndroidManifest.xml:52:13-64
activity#com.example.hifadhi.ListDetailsActivity
ADDED from src/main/AndroidManifest.xml:55:9-59:20
	android:launchMode
		ADDED from src/main/AndroidManifest.xml:57:13-43
	android:configChanges
		ADDED from src/main/AndroidManifest.xml:56:13-72
	android:name
		ADDED from src/main/AndroidManifest.xml:58:13-67
activity#com.example.hifadhi.MapViewActivity
ADDED from src/main/AndroidManifest.xml:60:9-64:20
	android:launchMode
		ADDED from src/main/AndroidManifest.xml:62:13-43
	android:configChanges
		ADDED from src/main/AndroidManifest.xml:61:13-72
	android:name
		ADDED from src/main/AndroidManifest.xml:63:13-63
activity#com.example.hifadhi.FacebookActivity
ADDED from src/main/AndroidManifest.xml:65:9-69:20
	android:launchMode
		ADDED from src/main/AndroidManifest.xml:67:13-43
	android:configChanges
		ADDED from src/main/AndroidManifest.xml:66:13-72
	android:name
		ADDED from src/main/AndroidManifest.xml:68:13-64
activity#com.example.hifadhi.TwitterActivity
ADDED from src/main/AndroidManifest.xml:70:9-74:20
	android:launchMode
		ADDED from src/main/AndroidManifest.xml:72:13-43
	android:configChanges
		ADDED from src/main/AndroidManifest.xml:71:13-72
	android:name
		ADDED from src/main/AndroidManifest.xml:73:13-63
activity#com.example.locateit.ReviewListActivity
ADDED from src/main/AndroidManifest.xml:75:9-76:20
	android:name
		ADDED from src/main/AndroidManifest.xml:75:19-52
activity#com.example.hifadhi.ReviewActivity
ADDED from src/main/AndroidManifest.xml:77:9-81:20
	android:launchMode
		ADDED from src/main/AndroidManifest.xml:79:13-43
	android:configChanges
		ADDED from src/main/AndroidManifest.xml:78:13-72
	android:name
		ADDED from src/main/AndroidManifest.xml:80:13-62
activity#com.example.hifadhi.ShareLocationActivity
ADDED from src/main/AndroidManifest.xml:82:9-86:20
	android:launchMode
		ADDED from src/main/AndroidManifest.xml:84:13-43
	android:configChanges
		ADDED from src/main/AndroidManifest.xml:83:13-72
	android:name
		ADDED from src/main/AndroidManifest.xml:85:13-69
activity#com.example.hifadhi.SearchActivity
ADDED from src/main/AndroidManifest.xml:87:9-91:20
	android:launchMode
		ADDED from src/main/AndroidManifest.xml:89:13-43
	android:configChanges
		ADDED from src/main/AndroidManifest.xml:88:13-72
	android:name
		ADDED from src/main/AndroidManifest.xml:90:13-62